Solid Edge Translation to STL
Date: fredag,oktober 16,2020 10:44
Source File:C:\Users\Carl\Documents\Part2.par
Source System: SOLID EDGE

Hardware:
Processor: Intel(R) Core(TM) i5 CPU         760  @ 2.80GHz
Operating System: Windows 10
Installed Memory: 7,99 GB

Software Information:
Parasolid Version: 32.0.186
PSBodyshop Version: 31.1.110
Solid Edge Version: 220.00.04.002 x64

STL Export Options:
Output File Format:BINARY
Export Displayed Parts:Off
structureOption: Monolithic
Export Units:Millimeter
Export Tolerance Value:0,001000
Export Tolerance Type:Fine
Export Surface Plane Angle Value:0,523599

Translation progress:
Phase 1 of 2 Fetching Parasolid information...
Phase 2 of 2 Translating Parasolid to foreign data types...
Number of STL file Created : 1
Translation process completed
Time required to translate:00 : 00 : 00
