Solid Edge Translation to STL
Date: fredag,september 17,2021 05:02
Source File:C:\Users\Calle\Documents\CAD\rotary_encoder knob\knob.par
Source System: SOLID EDGE

Hardware:
Processor: AMD Ryzen 7 3700X 8-Core Processor             
Operating System: Windows 10
Installed Memory: 15,89 GB

Software Information:
Parasolid Version: 32.1.222
PSBodyshop Version: 32.1.94
Solid Edge Version: 221.00.03.003 x64

STL Export Options:
Output File Format:BINARY
Export Displayed Parts:Off
structureOption: Monolithic
Export Units:Millimeter
Export Tolerance Value:0,050000
Export Tolerance Type:Custom
Export Surface Plane Angle Value:0,523599

Translation progress:
Phase 1 of 2 Fetching Parasolid information...
Phase 2 of 2 Translating Parasolid to foreign data types...
Number of STL file Created : 1
Translation process completed
Time required to translate:00 : 00 : 01
